<?xml version="1.0" encoding="utf-8"?><testsuites name="pytest tests"><testsuite name="pytest" errors="0" failures="0" skipped="0" tests="18" time="9.059" timestamp="2026-03-30T13:03:37.830402+00:00" hostname="agent-env-ddaeda7c-68d9-4b35-ae42-3dc7d1c099c4"><testcase classname="backend.tests.test_hod_examcell_marks.TestHODAuth" name="test_hod_login_success" time="0.484" /><testcase classname="backend.tests.test_hod_examcell_marks.TestHODAuth" name="test_hod_dashboard" time="0.455" /><testcase classname="backend.tests.test_hod_examcell_marks.TestHODAuth" name="test_hod_dashboard_requires_hod_role" time="0.442" /><testcase classname="backend.tests.test_hod_examcell_marks.TestExamCellAuth" name="test_exam_cell_login_success" time="0.377" /><testcase classname="backend.tests.test_hod_examcell_marks.TestExamCellAuth" name="test_exam_cell_dashboard" time="0.469" /><testcase classname="backend.tests.test_hod_examcell_marks.TestFacultyAssignments" name="test_list_faculty_assignments" time="0.536" /><testcase classname="backend.tests.test_hod_examcell_marks.TestFacultyAssignments" name="test_list_department_teachers" time="0.499" /><testcase classname="backend.tests.test_hod_examcell_marks.TestFacultyAssignments" name="test_create_faculty_assignment" time="1.064" /><testcase classname="backend.tests.test_hod_examcell_marks.TestTeacherMarksEntry" name="test_teacher_login" time="0.340" /><testcase classname="backend.tests.test_hod_examcell_marks.TestTeacherMarksEntry" name="test_get_my_assignments" time="0.485" /><testcase classname="backend.tests.test_hod_examcell_marks.TestTeacherMarksEntry" name="test_get_students_for_marks" time="0.463" /><testcase classname="backend.tests.test_hod_examcell_marks.TestTeacherMarksEntry" name="test_save_marks_draft" time="0.663" /><testcase classname="backend.tests.test_hod_examcell_marks.TestMarksReview" name="test_list_submissions" time="0.439" /><testcase classname="backend.tests.test_hod_examcell_marks.TestExamCellOperations" name="test_get_approved_marks" time="0.474" /><testcase classname="backend.tests.test_hod_examcell_marks.TestExamCellOperations" name="test_get_endterm_list" time="0.433" /><testcase classname="backend.tests.test_hod_examcell_marks.TestExamCellOperations" name="test_upload_csv_marks" time="0.467" /><testcase classname="backend.tests.test_hod_examcell_marks.TestTeacher2Login" name="test_teacher2_login" time="0.333" /><testcase classname="backend.tests.test_hod_examcell_marks.TestAdminDashboard" name="test_admin_dashboard_shows_new_roles" time="0.467" /></testsuite></testsuites>