<?xml version="1.0" encoding="utf-8"?><testsuites name="pytest tests"><testsuite name="pytest" errors="0" failures="0" skipped="0" tests="11" time="4.664" timestamp="2026-03-30T12:15:09.535773+00:00" hostname="agent-env-ddaeda7c-68d9-4b35-ae42-3dc7d1c099c4"><testcase classname="backend.tests.test_code_playground.TestCodePlaygroundAPI" name="test_python_hello_world" time="0.458" /><testcase classname="backend.tests.test_code_playground.TestCodePlaygroundAPI" name="test_python_with_function" time="0.442" /><testcase classname="backend.tests.test_code_playground.TestCodePlaygroundAPI" name="test_python_with_stdin" time="0.457" /><testcase classname="backend.tests.test_code_playground.TestCodePlaygroundAPI" name="test_python_syntax_error" time="0.394" /><testcase classname="backend.tests.test_code_playground.TestCodePlaygroundAPI" name="test_javascript_hello_world" time="0.389" /><testcase classname="backend.tests.test_code_playground.TestCodePlaygroundAPI" name="test_javascript_with_function" time="0.413" /><testcase classname="backend.tests.test_code_playground.TestCodePlaygroundAPI" name="test_java_hello_world" time="0.392" /><testcase classname="backend.tests.test_code_playground.TestCodePlaygroundAPI" name="test_unsupported_language_returns_400" time="0.409" /><testcase classname="backend.tests.test_code_playground.TestCodePlaygroundAPI" name="test_code_execution_requires_auth" time="0.443" /><testcase classname="backend.tests.test_code_playground.TestCodePlaygroundAPI" name="test_code_too_long_returns_400" time="0.395" /><testcase classname="backend.tests.test_code_playground.TestStudentDashboardCodePlayground" name="test_student_dashboard_returns_data" time="0.396" /></testsuite></testsuites>